<?xml version="1.0" encoding="UTF-8" ?>
<testsuite tests="4" failures="0" name="RouteCalculatorTest" time="0.03" errors="0" skipped="0">
  <properties>
[...]
</properties>
  <testcase classname="RouteCalculatorTest" name="testGetShortestRoute2" time="0.03"/>
  <testcase classname="RouteCalculatorTest" name="testGetShortestRoute3" time="0"/>
  <testcase classname="RouteCalculatorTest" name="testCalculateDuration" time="0"/>
  <testcase classname="RouteCalculatorTest" name="testGetShortestRoute" time="0"/>
</testsuite>